0 info it worked if it ends with ok
1 verbose cli [ 'C:\\Program Files\\nodejs\\node.exe',
1 verbose cli   'C:\\Program Files\\nodejs\\node_modules\\npm\\bin\\npm-cli.js',
1 verbose cli   'install',
1 verbose cli   '-g',
1 verbose cli   'angular#1.4.6' ]
2 info using npm@2.15.8
3 info using node@v4.4.7
4 verbose install initial load of C:\Program Files\nodejs\node_global\package.json
5 verbose readDependencies loading dependencies from C:\Program Files\nodejs\node_global\package.json
6 silly cache add args [ 'angular#1.4.6', null ]
7 verbose cache add spec angular#1.4.6
8 silly cache add parsed spec Result {
8 silly cache add   raw: 'angular#1.4.6',
8 silly cache add   scope: null,
8 silly cache add   name: null,
8 silly cache add   rawSpec: 'angular#1.4.6',
8 silly cache add   spec: 'E:\\H5reader\\angular#1.4.6',
8 silly cache add   type: 'local' }
9 error addLocal Could not install E:\H5reader\angular#1.4.6
10 verbose stack Error: ENOENT: no such file or directory, open 'E:\H5reader\angular#1.4.6'
10 verbose stack     at Error (native)
11 verbose cwd E:\H5reader
12 error Windows_NT 6.1.7601
13 error argv "C:\\Program Files\\nodejs\\node.exe" "C:\\Program Files\\nodejs\\node_modules\\npm\\bin\\npm-cli.js" "install" "-g" "angular#1.4.6"
14 error node v4.4.7
15 error npm  v2.15.8
16 error path E:\H5reader\angular#1.4.6
17 error code ENOENT
18 error errno -4058
19 error syscall open
20 error enoent ENOENT: no such file or directory, open 'E:\H5reader\angular#1.4.6'
20 error enoent This is most likely not a problem with npm itself
20 error enoent and is related to npm not being able to find a file.
21 verbose exit [ -4058, true ]
